facebooq.ru
oficebook.ru
matebook.ru
macbook.ru
ficbook.ru
acebooku.ru
faceboook.ru
fakelook.ru
feacbook.ru
fancybook.ru
facebrook.ru
talebook.ru
faccbook.ru
facabook.ru
faceboock.ru
facebog.ru
facebook1.ru
facebomb.ru
fakesbook.ru
feecebook.ru
m-facebook.ru
faceblok.ru
faceborn.ru
faicebook.ru
facebool.ru
peacebook.ru
facepook.ru
faceblog.ru
facebik.ru
fesebook.ru
face-look.ru
fakebok.ru
facebk.ru
facebok.ru
fastbook.ru
facecook.ru
dancebook.ru
acelook.ru
salebook.ru
pagebook.ru
facework.ru
famebook.ru
faccebook.ru
flamebook.ru
acebook.ru
faysbook.ru
unfacebook.ru
0facebook.ru
faceb00k.ru
mfacebook.ru
facetoon.ru
facebank.ru
facebook.ru
djfacebook.ru
facebooker.ru
facerbook.ru
rfacebook.ru
lazebook.ru
ifacebook.ru
facepook4.ru
facebock.ru
facebouk.ru
face-ok.ru
faacebok.ru
francebook.ru
faqebook.ru
faceebok.ru
facebook21.ru
madebook.ru
takebook.ru
facebookme.ru
fantbook.ru
facebookk.ru
fadebook.ru
placebook.ru
cafebook.ru
facebot.ru
faceboolk.ru
facebjob.ru
facebooth.ru
aebook.ru
facebooc.ru
fan-book.ru
farbook.ru
facebook2.ru
ofacebook.ru
facebooki.ru
backbook.ru
facelook.ru
carebook.ru
spacebook.ru
fascebook.ru
micebook.ru
fleebook.ru
faceboodka.ru
hatebook.ru
facrbook.ru
babebook.ru
facebookz.ru
faceboc.ru
farmbook.ru
facebooked.ru
fakeboom.ru
facebonk.ru
fatebook.ru
arebook.ru
facefolk.ru
agebook.ru
firebook.ru
facelock.ru
facebooks.ru
facebook13.ru
faceok.ru
mac-book.ru
faqbook.ru
faceboy.ru
facexbook.ru
faberbook.ru
fanbook.ru
magebook.ru
facebots.ru
facevook.ru
facobook.ru
vfacebook.ru
facebuk.ru
faceboke.ru
freebook.ru
falsebook.ru
facewood.ru
fuckbook.ru
alebook.ru
factboook.ru
lacebook.ru
datebook.ru
face-book.ru
factlook.ru
zaebook.ru
fabook.ru
facebookvr.ru
faceback.ru
facebook00.ru
cakebook.ru
havebook.ru
finebook.ru
hacbook.ru
facebookgo.ru
filebook.ru
accbook.ru
acerbook.ru
makebook.ru
facebooka.ru
facebody.ru
fickbook.ru
racelook.ru
savebook.ru
facebooke.ru
facwbook.ru
facebooj.ru
farmebook.ru
wakebook.ru
wavebook.ru
rarebook.ru
faccebok.ru
facebookgu.ru
fasbook.ru
fasebook.ru
myfacebook.ru
vapebook.ru
facbook.ru
ffacebook.ru
rufacebook.ru
facebo.ru
faceboo.ru
facebox.ru
hackbook.ru
nicebook.ru
facehook.ru
zfacebook.ru
factbook.ru
fcebook.ru
fasebok.ru
faceebook.ru
facefood.ru
pacbook.ru
farabook.ru
faceook.ru
racebook.ru
casebook.ru
facebook24.ru
fecebook.ru
fashbook.ru
favebooks.ru
lfacebook.ru
fuckebook.ru
faicbook.ru
facelbook.ru
saucebook.ru
facecool.ru
fakebook.ru
phacebook.ru
facesbook.ru
gamebook.ru
framebook.ru
fecbook.ru
facebook-studio.ru
facebookfans.ru
thefacebook.ru
facebook-africa2016.ru
facebookjerseys.ru
hackforfacebook.ru
facebook-api-bm.ru
interfacebook.ru
facebook-master.ru
facebook-sex.ru
facebooktrainer.ru
facebook-forum.ru
traffic-facebook.ru
facebookrepost.ru
facebooking.ru
facebook-agency.ru
missfacebook.ru
www-facebook.ru
facebook-news.ru
facebook-pets.ru
sexfacebook.ru
ns2.facebookme.ru
girl-facebook.ru
newfacebook.ru
facebookgame.ru
facebook-kurs.ru
facebookpay.ru
vkontakte-facebookk.ru
facebook-monster.ru
facebook-marketing.ru
smm-facebook.ru
nebanfacebook.ru
ns1.facebook-info.ru
facebook-vk-ok-instagram.ru
facebook-new.ru
arenda-facebook.ru
ns1.facebookme.ru
facebookphone.ru
facebookslider.ru
accauntfacebook.ru
facebookpro.ru
surfacebooks.ru
vipfacebook.ru
facebookmarketing.ru
facebookspaces.ru
facebookrobotics.ru
com-facebook.ru
facebookshop.ru
facebook-reklama.ru
facebook-ru.ru
facebookcoffee.ru
psychology-facebook.ru
facebook-security.ru
reklamavfacebook.ru
fuckafacebookfriend.ru
facebookdating.ru
reklama-v-facebooke.ru
facebookpoke.ru
facebook-gid.ru
facebookgirls.ru
facebookform.ru
antifacebook.ru
facebookadult.ru
facebook-adult-dating.ru
facebook-faq.ru
facebook-formulas.ru
datefacebook.ru
ns2.facebook-info.ru
my-facebook.ru
zerkalo-facebook.ru
facebookvhod.ru
facebook360.ru
wwwfacebook.ru
facebookbots.ru
facebookers.ru
facebook-pro.ru
reklamavfacebooke.ru
facebookfreedaiting.ru
facebooknews.ru
facebookdate.ru
facebookacademy.ru
facebookrussia.ru
facebookpages.ru
topfacebook.ru
meet-facebook.ru
forfacebook.ru
surfacebook.ru
facebook-com-canli-efir.ru
facebookbot.ru
ero-facebook.ru
facebooklike.ru
pro-facebook.ru
nash-facebook.ru
facebook-skachat.ru
datingfacebook.ru
workplacebyfacebook.ru
sexfacebooks.ru
facebook-info.ru
vkontakte-facebook.ru
reklama-v-facebook.ru
facebook-shop.ru
facebookhome.ru
best-facebook.ru
medfacebook.ru
moifacebook.ru
zarobotok-na-facebook.ru
facebookgirl.ru
facebookmarket.ru
starfacebook.ru
lovefacebook.ru
facebook-academy.ru
facebookint.ru
facebook-canli-efir.ru
saxfacebook.ru
traff-facebook.ru
facebook89347.ru
facebooklikes.ru
facebookchatbotstore.ru
facebookgood.ru
facebookbitch.ru
facebookoff.ru
freefacebook.ru
facebookformulas.ru
leon-------------------------------bets.ru
0--0------a3--b----b-i-b----b-l------e----------r----r-u----u-3.ru
0--0------a6--b----b-i-b----b-l------e----------r---r--u----u-6.ru
0--0---------------------------------------------------axelname.ru
0--0------------------------visit--wwws-io--for-more-lists-0--0.ru
0--0----------------------------------------------------------0.ru
5528656-----3270708-----6501111.ru
0--0------a4--bbbbb--i-bbbbb--l------eeeee------r----r-u----u-4.ru
0--0------------maxim--semenov--kislovodsk--narzan------------0.ru
0--0------a2--bbbbb--i-bbbbb--l------eeeeee-----rrrrr--u----u-2.ru
0--0---------------------maxim-semenov---------------------0--0.ru
0--0------a5--b----b-i-b----b-l------e----------rrrrr--u----u-5.ru
0--0------a8--------------------------------------------------8.ru
0--0--------------------------deshevie--domeny--na--domaincheap.ru
0--0------a7--bbbbb--i-bbbbb--llllll-eeeeee--0--r----r--uuuu--7.ru
0--0------------------0----0----------0-------0---------------0.ru
0--0------------------------------------------------bibleonline.ru
0--0--------dra-dot-ru-premium-domains-and-services-----------0.ru
0--0------axelname.ru
0--0------a1--------------------------------------------------1.ru
