56365613
59c4ea98
8d9f2d84
abc
abc
accenture
actor
aeg
agency
airforce
airforce
aol
army
army
as
as
asia
audio
author
azure
band
bank
bank
bank
bank
bank
bank
bbva
bbva
be
be
be
be
be
be
be
be
be
be
be
be
bike
bing
bloomberg
bloomberg
bloomberg
bms
bofa
boutique
br
br
br
br
broker
brussels
business
buzz
by
bzh
cab
cab
cab
cafe
cafe
camp
capital
car
cards
career
carrch04
cash
cc
cc
cc
cc
cc
ce4c5b09
center
cfa
cfa
city
click
cn
cn
cn
cn
cn
cn
cn
cn
com
com
com
com
com
com
community
condos
construction
construction
consulting
contact
credit
creditcard
crown
crown
crown
csc
d251020b
dance
dance
dfi8eds98g31bfs5n7j4bv3v0dm0rk5l
directory
directory
discount
edu
edu
education
email
email
energy
engineering
estate
eu
eu
eu
eu
eu
eu
eu
eu
eu
eu
eu
eu
eu
eu
eu
eu
eu
eu
eu
eu
eu
eu
eu
eu
events
exchange
expert
f7ad2b19
fan
fans
finance
flights
florist
forex
forex
forsale
forsale
furniture
furniture
gallery
gallery
games
gift
gifts
gl
gl
glass
glass
gold
googleffffffff83b93687
gq
gq
gq
gq
gq
graphics
gratis
group
guide
guru
haus
healthcare
hiphop
hockey
hockey
holdings
holdings
holiday
homepage
hotmail
hotmail
house
house
ice
ice
id
immo
in
info
info
ink
institute
insure
international
io
io
io
irish
istanbul
java
java
java
java
jewelry
jobs
jobs
jobs
jobs
jobs
jobs
jobs
jobs
kp
kred
ky
lamer
landrover
lawyer
legal
legal
life
life
life
limited
limited
limited
limited
link
loan
loans
love
ma
maif
maif
management
management
mango
market
market
marketing
markets
mba
med
microsoft
ml
ml
ml
ml
ml
ml
ml
ml
mo
moda
mov
mx
nadex
name
name
name
name
name
name
name
name
name
name
net
net
net
net
net
net
net
news
news
next
ninja
office
omega
omega
omega
ooo
ooo
ooo
ooo
ooo
ooo
ooo
oracle
orange
orange
orange
orange
org
ovh
parts
party
party
photo
pics
pictures
pid
pid
pl
place
place
plumbing
pnc
press
pro
productions
properties
property
realtor
realtor
realtor
realtor
repair
republican
republican
reviews
rio
rocks
run
run
saarland
sanofi
sanofi
sarl
sca
sca
sca
sca
sca
sca
sener
sener
sener
services
sexy
shoes
show
show
singles
site
sky
sky
sky
sky
social
solutions
statoil
statoil
store
studio
su
support
swatch
symantec
talk
taobao
taobao
tatamotors
taxi
tennis
theater
theatre
tips
tk
tools
tools
tours
town
town
trading
trading
trading
tv
tv
tv
tv
tw
ubs
ubs
ubs
ubs
uconnect
uk
uk
university
us
us
us
us
us
us
vacations
vacations
vegas
ventures
viajes
video
villas
vin
vip
vip
vision
vision
vlaanderen
voyage
voyage
weir
weir
wiki
win-5026n7bn8p4
win-cu2b7g6ujjc
win
win
windows
windows
windows
work
works
world
wtf
www2
中國
닷컴
닷컴
닷컴
닷컴
닷컴
닷넷
コム
コム
コム
コム
コム
youfirstweb
za
zone
