0-10--------------07-w-bu.ws.
0-10--------------07-w-bu.ws.
2apal.com.
arpal.pro.
avpal.info.
bitcointopaypal.org.
caypals.com.
con-------------------02-service.ws.
danypal.com.
detailspaypal.com.
epl-paypal.community.
eypal.com.
fabpal.club.
faiilpienoconlacartapaypal.it.
fort-------------------0-store.ws.
intllservicepaypal.com.
intlsupport-paypal.com.
jomashop-login-paypal.com.
kayal.org.
limitedpaypal-accountcard.com.
login-paypal.space.
marpal.com.
mpaypaldeutschland.com.de.
nopaypal.com.
paipai.haus.
paipai.hiphop.
palpac.org.
pamal.net.
pampel.info.
paocal.com.
papa.buzz.
papa.kr.
papam.cz.
papav.org.
pappa.fi.
pappel.de.
pardal.cz.
pascal.re.it.
pawal.fr.
payad.net.
payas.eu.
paybag.de.
payel.ru.
payiol.ink.
paypa.com.co.
paypal-administration.org.
paypal-hr-system.com.
paypal-invoice.cf.
paypal-japan.com.
paypal-kundencenter-management.de.
paypal-limited-webapps.com.
paypal-maroc.com.
paypal-press.com.
paypal-resolution.net.
paypal-safety-account.com.
paypal-security-update.com.
paypal-update-members-accounts-informations.com.
paypal-update-service.ga.
paypal-verify-login.com.
paypal.co.ae.
paypal.com.hn.
paypal.kunden-konten-datenabgleich.com.
paypal.xxx.
paypalanswers.com.
paypalc.com.
paypalcommunity.biz.
paypalconnectedcommerce.es.
paypalcredit.com.ru.
paypalespana.blogspot.com.
paypalgivessucks.net.
paypalinc.info.
paypalindia.co.in.
paypallsevice.com.
paypalnot.com.
paypalnoti.com.
paypalnotification.cf.
paypalpeoplepower.ph.
paypalq24.info.
paypalready.com.
paypalremovelimit.com.
paypalscureservers.com.
paypalsecuriti.com.
paypalstores.systems.
paypalsucks.co.uk.
paypalsupport-information.com.
paypalsupport.biz.
paypalsverifycation.com.
paypalverification.org.
paypalverifiedserver.com.
paypho.net.
paypro.creditcard.
payps.biz.
payra.com.tr.
payrol.net.
paysac.eu.
paytalk.eu.
peaypaal.com.
peipal.it.
playpay.ws.
poyal.com.cn.
pypol.com.
raypal.cn.
raypaq.com.
receiveloginpaypal.com.
