0-10--------------07-w-bu.ws
0fecebook.com
12stepfacebook.com
3d-facebook.de
acebooks.com
acheterlike-facebook.com
adsfacebook.info
advertisefacebook.com.tw
alaskafacebook.info
autolikefacebook.net
bestfacebookpost.com
bestgamesonfacebook.org
bguyfacebooklikes.ws
buy-facebook-facs.ws
buy-facebook-fans-welcome.ws
buylikefacebook.com
cachtaofacebook.xyz
canebook.co.uk
cardsfacebook.com
commentpirateruncomptefacebook.info
con-------------------02-service.ws
dacwbook.com
deletefacebookproxy.com
easebook.com
facebaak.info
facebank.ml
facebhook.de
facebogook.com
facebook-audiencenetwork.com
facebook-contest-winner-picker.dev
facebook-disabled-my-account.org
facebook-guide-japan.com
facebook-movie.com
facebook-pagina.com
facebook-studio.org
facebook-vereinsmeier.de
facebook.jp
facebook10.yolasite.com
facebook240.tk
facebookaccountaccess.com
facebookadcopy.com
facebookaddiction.net
facebookadvertise.com
facebookadvertising.com.au
facebookadvertising.de
facebookadvertisingagency.com
facebookasds.com
facebookback.com
facebookbarometern.com
facebookbedrijfspagina.eu
facebookbytext.com
facebookcheckup.com
facebookclaim.com
facebookconfimed.tk
facebookcrook.com
facebooke.cn
facebookearner.com
facebookeco.space
facebookelection.net
facebookentre.lol
facebookfacile.it
facebookfindpeople.com
facebookfunnel.guru
facebookhelp.biz
facebookhesabinasilkapatilir.com
facebookimages.com
facebookinternetmarketing.co.uk
facebookipo2012.net
facebookispower.com
facebookjobs.ws
facebooklike.info
facebooklink.win
facebooklotery.com
facebookmarketingdoneright.com
facebookmediasales.com
facebookmessenger.trade
facebooknaija.com
facebooknews.ga
facebooknhat.com
facebookofstocks.us
facebookpersonalitycompass.com
facebookphotocomment.net
facebookpoke.cm
facebookpolitico.com
facebookprihlaseni.info
facebookquiz.com
facebookranvir.com
facebookschijndel.nl
facebookshop.ro
facebooksign.in
facebooksupermoney.com
facebooktabmanager.com
facebooktoolkit.com
facebookturkey.com
facebookuniverseincorporated.com
facebookwank.com
facebookwebshop.dk
facebooky.ir
facebookyoutubevideo.info
faceboukk.com
facebozok.com
facebpkk.com
facehook.eu
facehook.it
facemock.com
facencbook.com
factbook.co.in
fahcbook.com
fakebook.fr
famebook.de
faszbook.eu
fatzebook.biz
favmcebook.com
fbacebook.com
fceobook.video
fecbook.in
ffacebook.gq
fightebolafacebook.com
filmonfacebook.tk
filmsonfacebook.online
flawebook.org
flipfacebook.site
footballfacebook.com
forfacebook.net
fort-------------------0-store.ws
frasesparafacebook.net.br
freefacebookthemeslayouts.com
fuzebook.com
hookedonfacebook.org
hotfacebook.net
howtobuyfacebooklikes.com
howtomarketonfacebook.info
httpfacebook.com
jadebook.net
jamesonfacebook.co.uk
join-facebook.com
managedfacebook.com
marketingviafacebook.nl
markzuckerbergfacebook.org
mbfacebook.com
missfacebooknorte.cl
missfacebookuniverse.net
mybabyfacebook.com
myfacebookaffair.com
noloveforfacebook.com
northfacebookbag.com
npxconneccommsnintegrationfacebookgamelogin.ws
owtohacksomeonesfacebook265.blogspot.in
passatemposfacebook.com
phanmemfacebookvatgia.com
platonicfacebook.com
playonfacebook.com
queesfacebookads.com
quizfacebook.org
raceboo.com
raebook.com
realfacebookfans.info
restoremyfacebook.info
rhondabrittenfacebook.com
rockfacebook.com
seminariofacebook.com
sendmyfacebook.com
sickoffacebook.org
stephenacacommsnintegrationfacebookgamelogin.ws
support-facebook.com
surgeryfacebook.mobi
taifacebookvedienthoai.mobi
tgnjhcommsnintegrationfacebookgamelogin.ws
thefacebook.org.in
thefacebookparty.com
tofacebook-login.info
tracebook.de
truffaut-facebook.com
uominiedonnedifacebook.it
vuyfacebooklikes.ws
whitsfacebook.com
facebookç.com
fácebook.com
youngvfacebookincamendedcomplaint.blogspot.com
yourfacebookempire.com
zacebook.fr
